2009-10-27 20:54:10 Warning: Warning (512): <span style = "color:Red;text-align:left"><b>SQL Error:</b> 1105: Failed to open 'users', error while unpacking from engine</span> in [CORE/cake/libs/model/datasources/dbo_source.php, line 524]
2009-10-27 20:54:10 Warning: Warning (2): Invalid argument supplied for foreach() in [CORE/cake/libs/model/datasources/dbo/dbo_mysqli.php, line 168]
2009-10-27 20:54:10 Warning: Warning (2): Cannot modify header information - headers already sent by (output started at /srv/www/vhosts/pushchat.nard.ca/cake/libs/debugger.php:512) in [CORE/cake/libs/controller/controller.php, line 644]
2009-10-27 20:54:39 Warning: Warning (512): <span style = "color:Red;text-align:left"><b>SQL Error:</b> 1105: Failed to open 'subscriptions', error while unpacking from engine</span> in [CORE/cake/libs/model/datasources/dbo_source.php, line 524]
2009-10-27 21:29:36 Warning: Warning (2): mysqli_connect() [<a href='http://php.net/function.mysqli-connect'>function.mysqli-connect</a>]: (HY000/2003): Can't connect to MySQL server on '192.168.134.254' (110) in [CORE/cake/libs/model/datasources/dbo/dbo_mysqli.php, line 73]
2009-10-27 21:29:36 Warning: Warning (2): mysqli_get_server_info() expects parameter 1 to be mysqli, boolean given in [CORE/cake/libs/model/datasources/dbo/dbo_mysqli.php, line 79]
2009-10-28 04:53:43 Warning: Warning (512): Cache not configured properly. Please check Cache::config(); in APP/config/core.php in [CORE/cake/libs/configure.php, line 663]
2009-10-28 04:56:38 Warning: Warning (512): Cache not configured properly. Please check Cache::config(); in APP/config/core.php in [CORE/cake/libs/configure.php, line 663]
2009-10-28 04:56:40 Warning: Warning (512): Cache not configured properly. Please check Cache::config(); in APP/config/core.php in [CORE/cake/libs/configure.php, line 663]
2009-10-28 04:57:36 Warning: Warning (512): Cache not configured properly. Please check Cache::config(); in APP/config/core.php in [CORE/cake/libs/configure.php, line 663]
2009-10-28 04:58:11 Warning: Warning (512): Cache not configured properly. Please check Cache::config(); in APP/config/core.php in [CORE/cake/libs/configure.php, line 663]
2009-10-28 05:29:38 Warning: Warning (512): Cache not configured properly. Please check Cache::config(); in APP/config/core.php in [CORE/cake/libs/configure.php, line 663]
2009-10-28 05:29:39 Warning: Warning (512): Cache not configured properly. Please check Cache::config(); in APP/config/core.php in [CORE/cake/libs/configure.php, line 663]
2009-10-28 05:30:00 Warning: Warning (512): Cache not configured properly. Please check Cache::config(); in APP/config/core.php in [CORE/cake/libs/configure.php, line 663]
2009-10-28 05:30:01 Warning: Warning (512): Cache not configured properly. Please check Cache::config(); in APP/config/core.php in [CORE/cake/libs/configure.php, line 663]
2009-10-28 05:30:39 Warning: Warning (512): Cache not configured properly. Please check Cache::config(); in APP/config/core.php in [CORE/cake/libs/configure.php, line 663]
2009-10-28 05:30:40 Warning: Warning (512): Cache not configured properly. Please check Cache::config(); in APP/config/core.php in [CORE/cake/libs/configure.php, line 663]
2009-10-28 05:30:42 Warning: Warning (512): Cache not configured properly. Please check Cache::config(); in APP/config/core.php in [CORE/cake/libs/configure.php, line 663]
2009-10-28 05:31:19 Warning: Warning (512): Cache not configured properly. Please check Cache::config(); in APP/config/core.php in [CORE/cake/libs/configure.php, line 663]
2009-10-28 05:31:20 Warning: Warning (512): Cache not configured properly. Please check Cache::config(); in APP/config/core.php in [CORE/cake/libs/configure.php, line 663]
2009-10-28 05:33:21 Warning: Warning (512): Cache not configured properly. Please check Cache::config(); in APP/config/core.php in [CORE/cake/libs/configure.php, line 663]
2009-10-28 05:34:02 Warning: Warning (512): Cache not configured properly. Please check Cache::config(); in APP/config/core.php in [CORE/cake/libs/configure.php, line 663]
2009-10-28 07:21:26 Warning: Warning (512): Cache not configured properly. Please check Cache::config(); in APP/config/core.php in [CORE/cake/libs/configure.php, line 663]
2009-10-28 07:21:29 Warning: Warning (512): Cache not configured properly. Please check Cache::config(); in APP/config/core.php in [CORE/cake/libs/configure.php, line 663]
2009-10-28 07:23:47 Warning: Warning (512): Cache not configured properly. Please check Cache::config(); in APP/config/core.php in [CORE/cake/libs/configure.php, line 663]
2009-10-28 08:57:52 Warning: Warning (2): Missing argument 2 for MemcacheEngine::read(), called in /srv/www/vhosts/pushchat.nard.ca/cake/libs/cache.php on line 292 and defined in [CORE/cake/libs/cache/memcache.php, line 115]
2009-10-28 09:01:45 Warning: Warning (4096): Object of class FileEngine could not be converted to string in [CORE/cake/libs/cache.php, line 291]
2009-10-28 09:01:46 Warning: Warning (4096): Object of class MemcacheEngine could not be converted to string in [CORE/cake/libs/cache.php, line 291]
2009-10-28 09:54:27 Warning: Warning (512): Cache not configured properly. Please check Cache::config(); in APP/config/core.php in [CORE/cake/libs/configure.php, line 663]
2009-10-29 05:24:17 Warning: Warning (4096): Object of class Memcache could not be converted to string in [CORE/cake/libs/cache/memcache.php, line 114]
2009-10-29 05:24:58 Warning: Warning (4096): Object of class Memcache could not be converted to string in [CORE/cake/libs/cache/memcache.php, line 114]
2009-10-29 06:03:17 Warning: Warning (512): Cache not configured properly. Please check Cache::config(); in APP/config/core.php in [CORE/cake/libs/configure.php, line 663]
2009-10-30 22:36:30 Warning: Warning (512): Cache not configured properly. Please check Cache::config(); in APP/config/core.php in [CORE/cake/libs/configure.php, line 663]
2009-10-30 22:36:33 Warning: Warning (512): Cache not configured properly. Please check Cache::config(); in APP/config/core.php in [CORE/cake/libs/configure.php, line 663]
2009-10-30 22:37:21 Warning: Warning (512): Cache not configured properly. Please check Cache::config(); in APP/config/core.php in [CORE/cake/libs/configure.php, line 663]
2009-10-30 22:37:22 Warning: Warning (512): Cache not configured properly. Please check Cache::config(); in APP/config/core.php in [CORE/cake/libs/configure.php, line 663]
2009-10-30 22:40:22 Warning: Warning (512): Cache not configured properly. Please check Cache::config(); in APP/config/core.php in [CORE/cake/libs/configure.php, line 663]
2009-10-30 22:41:30 Warning: Warning (512): Cache not configured properly. Please check Cache::config(); in APP/config/core.php in [CORE/cake/libs/configure.php, line 663]
2009-10-30 22:44:09 Warning: Warning (512): Cache not configured properly. Please check Cache::config(); in APP/config/core.php in [CORE/cake/libs/configure.php, line 663]
2009-10-30 22:44:42 Warning: Warning (512): Cache not configured properly. Please check Cache::config(); in APP/config/core.php in [CORE/cake/libs/configure.php, line 663]
2009-10-30 22:45:03 Warning: Warning (512): Cache not configured properly. Please check Cache::config(); in APP/config/core.php in [CORE/cake/libs/configure.php, line 663]
2009-10-30 22:47:14 Warning: Warning (512): Cache not configured properly. Please check Cache::config(); in APP/config/core.php in [CORE/cake/libs/configure.php, line 663]
2009-10-30 22:50:18 Warning: Warning (512): Cache not configured properly. Please check Cache::config(); in APP/config/core.php in [CORE/cake/libs/configure.php, line 663]
2009-10-30 22:50:52 Warning: Warning (512): Cache not configured properly. Please check Cache::config(); in APP/config/core.php in [CORE/cake/libs/configure.php, line 663]
2009-10-30 22:50:54 Warning: Warning (512): Cache not configured properly. Please check Cache::config(); in APP/config/core.php in [CORE/cake/libs/configure.php, line 663]
2009-10-30 22:50:55 Warning: Warning (512): Cache not configured properly. Please check Cache::config(); in APP/config/core.php in [CORE/cake/libs/configure.php, line 663]
2009-10-30 22:51:10 Warning: Warning (512): Cache not configured properly. Please check Cache::config(); in APP/config/core.php in [CORE/cake/libs/configure.php, line 663]
2009-10-30 22:51:12 Warning: Warning (512): Cache not configured properly. Please check Cache::config(); in APP/config/core.php in [CORE/cake/libs/configure.php, line 663]
2009-10-30 22:51:46 Warning: Warning (512): Cache not configured properly. Please check Cache::config(); in APP/config/core.php in [CORE/cake/libs/configure.php, line 663]
2009-10-30 22:55:26 Warning: Warning (512): Cache not configured properly. Please check Cache::config(); in APP/config/core.php in [CORE/cake/libs/configure.php, line 663]
2009-10-30 22:57:15 Warning: Warning (512): Cache not configured properly. Please check Cache::config(); in APP/config/core.php in [CORE/cake/libs/configure.php, line 663]
2009-10-30 22:57:45 Warning: Warning (512): Cache not configured properly. Please check Cache::config(); in APP/config/core.php in [CORE/cake/libs/configure.php, line 663]
2009-10-30 23:00:53 Warning: Warning (512): Cache not configured properly. Please check Cache::config(); in APP/config/core.php in [CORE/cake/libs/configure.php, line 663]
2009-10-30 23:00:54 Warning: Warning (512): Cache not configured properly. Please check Cache::config(); in APP/config/core.php in [CORE/cake/libs/configure.php, line 663]
2009-10-30 23:01:48 Warning: Warning (512): Cache not configured properly. Please check Cache::config(); in APP/config/core.php in [CORE/cake/libs/configure.php, line 663]
2009-10-30 23:01:49 Warning: Warning (512): Cache not configured properly. Please check Cache::config(); in APP/config/core.php in [CORE/cake/libs/configure.php, line 663]
2009-10-30 23:03:11 Warning: Warning (512): Cache not configured properly. Please check Cache::config(); in APP/config/core.php in [CORE/cake/libs/configure.php, line 663]
2009-10-30 23:03:46 Warning: Warning (512): Cache not configured properly. Please check Cache::config(); in APP/config/core.php in [CORE/cake/libs/configure.php, line 663]
2009-10-30 23:03:59 Warning: Warning (512): Cache not configured properly. Please check Cache::config(); in APP/config/core.php in [CORE/cake/libs/configure.php, line 663]
2009-10-30 23:07:21 Warning: Warning (512): Cache not configured properly. Please check Cache::config(); in APP/config/core.php in [CORE/cake/libs/configure.php, line 663]
2009-10-30 23:07:53 Warning: Warning (512): Cache not configured properly. Please check Cache::config(); in APP/config/core.php in [CORE/cake/libs/configure.php, line 663]
2009-10-30 23:08:31 Warning: Warning (512): Cache not configured properly. Please check Cache::config(); in APP/config/core.php in [CORE/cake/libs/configure.php, line 663]
2009-10-30 23:08:54 Warning: Warning (512): Cache not configured properly. Please check Cache::config(); in APP/config/core.php in [CORE/cake/libs/configure.php, line 663]
2009-10-30 23:09:09 Warning: Warning (512): Cache not configured properly. Please check Cache::config(); in APP/config/core.php in [CORE/cake/libs/configure.php, line 663]
2009-10-30 23:09:24 Warning: Warning (512): Cache not configured properly. Please check Cache::config(); in APP/config/core.php in [CORE/cake/libs/configure.php, line 663]
2009-10-30 23:09:55 Warning: Warning (512): Cache not configured properly. Please check Cache::config(); in APP/config/core.php in [CORE/cake/libs/configure.php, line 663]
2009-10-30 23:10:24 Warning: Warning (512): Cache not configured properly. Please check Cache::config(); in APP/config/core.php in [CORE/cake/libs/configure.php, line 663]
2009-10-30 23:10:53 Warning: Warning (512): Cache not configured properly. Please check Cache::config(); in APP/config/core.php in [CORE/cake/libs/configure.php, line 663]
2009-10-30 23:12:05 Warning: Warning (2): require(cake/libs//cache/.php) [<a href='http://php.net/function.require'>function.require</a>]: failed to open stream: No such file or directory in [CORE/cake/libs/cache.php, line 85]
2009-10-30 23:12:38 Warning: Warning (512): Cache not configured properly. Please check Cache::config(); in APP/config/core.php in [CORE/cake/libs/configure.php, line 663]
2009-10-30 23:12:59 Warning: Warning (512): Cache not configured properly. Please check Cache::config(); in APP/config/core.php in [CORE/cake/libs/configure.php, line 663]
2009-10-30 23:13:27 Warning: Warning (512): Cache not configured properly. Please check Cache::config(); in APP/config/core.php in [CORE/cake/libs/configure.php, line 663]
2009-10-30 23:15:42 Warning: Warning (512): Cache not configured properly. Please check Cache::config(); in APP/config/core.php in [CORE/cake/libs/configure.php, line 663]
2009-10-30 23:15:44 Warning: Warning (512): Cache not configured properly. Please check Cache::config(); in APP/config/core.php in [CORE/cake/libs/configure.php, line 663]
2009-10-30 23:16:28 Warning: Warning (512): Cache not configured properly. Please check Cache::config(); in APP/config/core.php in [CORE/cake/libs/configure.php, line 663]
2009-10-30 23:17:06 Warning: Warning (512): Cache not configured properly. Please check Cache::config(); in APP/config/core.php in [CORE/cake/libs/configure.php, line 663]
2009-10-30 23:17:26 Warning: Warning (512): Cache not configured properly. Please check Cache::config(); in APP/config/core.php in [CORE/cake/libs/configure.php, line 663]
2009-10-30 23:17:40 Warning: Warning (512): Cache not configured properly. Please check Cache::config(); in APP/config/core.php in [CORE/cake/libs/configure.php, line 663]
2009-10-30 23:18:13 Warning: Warning (512): Cache not configured properly. Please check Cache::config(); in APP/config/core.php in [CORE/cake/libs/configure.php, line 663]
2009-10-30 23:18:37 Warning: Warning (512): Cache not configured properly. Please check Cache::config(); in APP/config/core.php in [CORE/cake/libs/configure.php, line 663]
2009-10-30 23:18:43 Warning: Warning (512): Cache not configured properly. Please check Cache::config(); in APP/config/core.php in [CORE/cake/libs/configure.php, line 663]
2009-10-30 23:18:58 Warning: Warning (512): Cache not configured properly. Please check Cache::config(); in APP/config/core.php in [CORE/cake/libs/configure.php, line 663]
2009-10-30 23:18:59 Warning: Warning (512): Cache not configured properly. Please check Cache::config(); in APP/config/core.php in [CORE/cake/libs/configure.php, line 663]
2009-10-30 23:19:01 Warning: Warning (512): Cache not configured properly. Please check Cache::config(); in APP/config/core.php in [CORE/cake/libs/configure.php, line 663]
2009-10-30 23:19:10 Warning: Warning (512): Cache not configured properly. Please check Cache::config(); in APP/config/core.php in [CORE/cake/libs/configure.php, line 663]
2009-10-30 23:20:14 Warning: Warning (512): Cache not configured properly. Please check Cache::config(); in APP/config/core.php in [CORE/cake/libs/configure.php, line 663]
2009-10-30 23:21:15 Warning: Warning (512): Cache not configured properly. Please check Cache::config(); in APP/config/core.php in [CORE/cake/libs/configure.php, line 663]
2009-10-30 23:21:45 Warning: Warning (512): Cache not configured properly. Please check Cache::config(); in APP/config/core.php in [CORE/cake/libs/configure.php, line 663]
2009-10-30 23:21:52 Warning: Warning (512): Cache not configured properly. Please check Cache::config(); in APP/config/core.php in [CORE/cake/libs/configure.php, line 663]
2009-10-30 23:22:02 Warning: Warning (512): Cache not configured properly. Please check Cache::config(); in APP/config/core.php in [CORE/cake/libs/configure.php, line 663]
2009-10-30 23:22:26 Warning: Warning (512): Cache not configured properly. Please check Cache::config(); in APP/config/core.php in [CORE/cake/libs/configure.php, line 663]
2009-10-30 23:24:50 Warning: Warning (512): Cache not configured properly. Please check Cache::config(); in APP/config/core.php in [CORE/cake/libs/configure.php, line 663]
2009-10-30 23:25:22 Warning: Warning (512): Cache not configured properly. Please check Cache::config(); in APP/config/core.php in [CORE/cake/libs/configure.php, line 663]
2009-10-30 23:26:49 Warning: Warning (512): Cache not configured properly. Please check Cache::config(); in APP/config/core.php in [CORE/cake/libs/configure.php, line 663]
2009-10-30 23:29:27 Warning: Warning (512): Cache not configured properly. Please check Cache::config(); in APP/config/core.php in [CORE/cake/libs/configure.php, line 663]
2009-10-30 23:29:39 Warning: Warning (512): Cache not configured properly. Please check Cache::config(); in APP/config/core.php in [CORE/cake/libs/configure.php, line 663]
2009-10-30 23:29:40 Warning: Warning (512): Cache not configured properly. Please check Cache::config(); in APP/config/core.php in [CORE/cake/libs/configure.php, line 663]
2009-10-30 23:31:21 Warning: Warning (512): Cache not configured properly. Please check Cache::config(); in APP/config/core.php in [CORE/cake/libs/configure.php, line 663]
2009-10-30 23:32:34 Warning: Warning (512): Cache not configured properly. Please check Cache::config(); in APP/config/core.php in [CORE/cake/libs/configure.php, line 663]
2009-10-30 23:35:03 Warning: Warning (512): Cache not configured properly. Please check Cache::config(); in APP/config/core.php in [CORE/cake/libs/configure.php, line 663]
2009-10-31 23:45:55 Warning: Warning (2): Variable passed to each() is not an array or object in [APP/controllers/components/nard.php, line 156]
2009-11-02 02:58:13 Warning: Warning (512): Cache not configured properly. Please check Cache::config(); in APP/config/core.php in [CORE/cake/libs/configure.php, line 663]
2009-11-02 02:58:18 Warning: Warning (512): Cache not configured properly. Please check Cache::config(); in APP/config/core.php in [CORE/cake/libs/configure.php, line 663]
2009-11-02 02:58:45 Warning: Warning (512): Cache not configured properly. Please check Cache::config(); in APP/config/core.php in [CORE/cake/libs/configure.php, line 663]
2009-11-02 02:58:54 Warning: Warning (512): Cache not configured properly. Please check Cache::config(); in APP/config/core.php in [CORE/cake/libs/configure.php, line 663]
2009-11-02 02:59:20 Warning: Warning (512): Cache not configured properly. Please check Cache::config(); in APP/config/core.php in [CORE/cake/libs/configure.php, line 663]
2009-11-02 02:59:23 Warning: Warning (512): Cache not configured properly. Please check Cache::config(); in APP/config/core.php in [CORE/cake/libs/configure.php, line 663]
2009-11-02 03:00:15 Warning: Warning (512): Cache not configured properly. Please check Cache::config(); in APP/config/core.php in [CORE/cake/libs/configure.php, line 663]
2009-11-02 03:00:19 Warning: Warning (512): Cache not configured properly. Please check Cache::config(); in APP/config/core.php in [CORE/cake/libs/configure.php, line 663]
2009-11-02 03:00:41 Warning: Warning (512): Cache not configured properly. Please check Cache::config(); in APP/config/core.php in [CORE/cake/libs/configure.php, line 663]
2009-11-02 03:00:46 Warning: Warning (512): Cache not configured properly. Please check Cache::config(); in APP/config/core.php in [CORE/cake/libs/configure.php, line 663]
2009-11-02 03:01:18 Warning: Warning (512): Cache not configured properly. Please check Cache::config(); in APP/config/core.php in [CORE/cake/libs/configure.php, line 663]
2009-11-02 03:01:22 Warning: Warning (512): Cache not configured properly. Please check Cache::config(); in APP/config/core.php in [CORE/cake/libs/configure.php, line 663]
2009-11-02 03:02:08 Warning: Warning (512): Cache not configured properly. Please check Cache::config(); in APP/config/core.php in [CORE/cake/libs/configure.php, line 663]
2009-11-02 03:02:12 Warning: Warning (512): Cache not configured properly. Please check Cache::config(); in APP/config/core.php in [CORE/cake/libs/configure.php, line 663]
